********************************************************************************
*                   Thursday, September 15, 2016 2:05:18 PM                    *
********************************************************************************
CSharpCompilerWrapper.exe version: 1.10.0.0
Platform: Windows
Target assembly: Assembly-CSharp.dll
Project directory: D:\github\Strategy-Game
Unity 'Data' or 'Frameworks' directory: D:/data/Unity/Editor/Data
Compiler: Microsoft C# 6.0

- Compilation -----------------------------------------------

Process: D:\github\Strategy-Game\CSharp60Support\Roslyn\csc.exe
Arguments: -nostdlib+ -noconfig -nologo -r:"D:/data/Unity/Editor/Data\Mono/lib/mono/2.0/mscorlib.dll" -r:"D:/data/Unity/Editor/Data\Mono/lib/mono/2.0/System.dll" -r:"D:/data/Unity/Editor/Data\Mono/lib/mono/2.0/System.Core.dll" -r:"D:/data/Unity/Editor/Data\Mono/lib/mono/2.0/System.Xml.dll" @Temp/UnityTempFile-298bba6661f180240b0880ec80e0f65b
Exit code: 0
Elapsed time: 12.54 sec

- Compiler output (0 lines):

- Compiler errors (0 lines):

- PDB to MDB conversion --------------------------------------

Process: D:\github\Strategy-Game\CSharp60Support\Roslyn\pdb2mdb.exe
Arguments: Temp\Assembly-CSharp.dll
Exit code: 0
Elapsed time: 0.55 sec

- pdb2mdb.exe output (0 lines):
